1598108671248	geckodriver	INFO	Listening on 127.0.0.1:44841
1598108672272	mozrunner::runner	INFO	Running command: "/usr/bin/firefox" "--marionette" "-foreground" "-no-remote" "-profile" "/tmp/rust_mozprofileaE44YE"
console.error: SearchCache: "_readCacheFile: Error reading cache file:" (new Error("", "(unknown module)"))
1598108678992	Marionette	INFO	Listening on port 44207
1598108679103	Marionette	WARN	TLS certificate errors will be ignored for this session
1598108679328	Marionette	INFO	Stopped listening on port 44207
1598108681137	geckodriver	INFO	Listening on 127.0.0.1:41657
1598108681146	mozrunner::runner	INFO	Running command: "/usr/bin/firefox" "--marionette" "-foreground" "-no-remote" "-profile" "/tmp/rust_mozprofileGEAguh"
console.error: SearchCache: "_readCacheFile: Error reading cache file:" (new Error("", "(unknown module)"))
1598108686764	Marionette	INFO	Listening on port 46769
1598108686780	Marionette	WARN	TLS certificate errors will be ignored for this session
1598108687045	Marionette	INFO	Stopped listening on port 46769
console.error: services.settings: 
  main/cfr Signature failed  TypeError: NetworkError when attempting to fetch resource.
1598108718709	geckodriver	INFO	Listening on 127.0.0.1:57077
1598108718720	mozrunner::runner	INFO	Running command: "/usr/bin/firefox" "--marionette" "-foreground" "-no-remote" "-profile" "/tmp/rust_mozprofileHLRS9e"
console.error: SearchCache: "_readCacheFile: Error reading cache file:" (new Error("", "(unknown module)"))
1598108724325	Marionette	INFO	Listening on port 36137
1598108724371	Marionette	WARN	TLS certificate errors will be ignored for this session
1598108750654	Marionette	INFO	Stopped listening on port 36137
JavaScript error: resource://gre/modules/UrlClassifierListManager.jsm, line 691: TypeError: this.tablesData[table] is undefined
1598108752809	geckodriver	INFO	Listening on 127.0.0.1:55055
1598108753848	mozrunner::runner	INFO	Running command: "/usr/bin/firefox" "--marionette" "-foreground" "-no-remote" "-profile" "/tmp/rust_mozprofileNXb8S1"
console.error: SearchCache: "_readCacheFile: Error reading cache file:" (new Error("", "(unknown module)"))
1598108761774	Marionette	INFO	Listening on port 46715
1598108761795	Marionette	WARN	TLS certificate errors will be ignored for this session
1598108762869	Marionette	INFO	Stopped listening on port 46715
